#
# There is insufficient memory for the Java Runtime Environment to continue.
# Native memory allocation (malloc) failed to allocate 433536 bytes for Chunk::new
# Possible reasons:
#   The system is out of physical RAM or swap space
#   The process is running with CompressedOops enabled, and the Java Heap may be blocking the growth of the native heap
# Possible solutions:
#   Reduce memory load on the system
#   Increase physical memory or swap space
#   Check if swap backing store is full
#   Decrease Java heap size (-Xmx/-Xms)
#   Decrease number of Java threads
#   Decrease Java thread stack sizes (-Xss)
#   Set larger code cache with -XX:ReservedCodeCacheSize=
#   JVM is running with Zero Based Compressed Oops mode in which the Java heap is
#     placed in the first 32GB address space. The Java Heap base address is the
#     maximum limit for the native heap growth. Please use -XX:HeapBaseMinAddress
#     to set the Java Heap base and to place the Java Heap above 32GB virtual address.
# This output file may be truncated or incomplete.
#
#  Out of Memory Error (arena.cpp:189), pid=73544, tid=90064
#
# JRE version: OpenJDK Runtime Environment Temurin-17.0.6+10 (17.0.6+10) (build 17.0.6+10)
# Java VM: OpenJDK 64-Bit Server VM Temurin-17.0.6+10 (17.0.6+10, mixed mode, tiered, compressed oops, compressed class ptrs, g1 gc, windows-amd64)
# No core dump will be written. Minidumps are not enabled by default on client versions of Windows
#

---------------  S U M M A R Y ------------

Command Line: -XX:+ShowCodeDetailsInExceptionMessages -agentlib:jdwp=transport=dt_socket,suspend=y,address=localhost:62776 -javaagent:C:\Users\beerim\eclipse\java-2022-12\eclipse\configuration\org.eclipse.osgi\227\0\.cp\lib\javaagent-shaded.jar -Dfile.encoding=UTF-8 mainPackage.RunnerClass2

Host: Intel(R) Xeon(R) Platinum 8370C CPU @ 2.80GHz, 4 cores, 31G,  Windows 10 , 64 bit Build 19041 (10.0.19041.3636)
Time: Wed Mar  6 14:06:51 2024 Eastern Standard Time elapsed time: 6.290910 seconds (0d 0h 0m 6s)

---------------  T H R E A D  ---------------

Current thread (0x000001a17e7ee7d0):  JavaThread "C2 CompilerThread0" daemon [_thread_in_native, id=90064, stack(0x0000007b20d00000,0x0000007b20e00000)]


Current CompileTask:
C2:   6291 2676   !   4       java.util.jar.Attributes::read (494 bytes)

Stack: [0x0000007b20d00000,0x0000007b20e00000]
Native frames: (J=compiled Java code, j=interpreted, Vv=VM code, C=native code)
V  [jvm.dll+0x67741a]
V  [jvm.dll+0x834434]
V  [jvm.dll+0x835bde]
V  [jvm.dll+0x836243]
V  [jvm.dll+0x2457b5]
V  [jvm.dll+0xabafc]
V  [jvm.dll+0xac0cc]
V  [jvm.dll+0x2ac94f]
V  [jvm.dll+0x57de47]
V  [jvm.dll+0x220812]
V  [jvm.dll+0x220bef]
V  [jvm.dll+0x21a445]
V  [jvm.dll+0x21790b]
V  [jvm.dll+0x1a3d0d]
V  [jvm.dll+0x22742a]
V  [jvm.dll+0x225565]
V  [jvm.dll+0x7ea2cb]
V  [jvm.dll+0x7e483a]
V  [jvm.dll+0x6762c5]
C  [ucrtbase.dll+0x21bb2]
C  [KERNEL32.DLL+0x17344]
C  [ntdll.dll+0x526b1]


---------------  P R O C E S S  ---------------

Threads class SMR info:
_java_thread_list=0x000001a1033d7ec0, length=28, elements={
0x000001a156820a60, 0x000001a17e2c1bc0, 0x000001a17e2c4a90, 0x000001a17e2bbc30,
0x000001a17e2cdf60, 0x000001a17e2cea20, 0x000001a17e7e3410, 0x000001a17e7ee7d0,
0x000001a17e7ef8b0, 0x000001a17e7efdc0, 0x000001a17e9101b0, 0x000001a17ea44b50,
0x000001a17ea35320, 0x000001a17ea37a10, 0x000001a17fa81c80, 0x000001a10311f840,
0x000001a1033a7020, 0x000001a1058b54c0, 0x000001a10784fa40, 0x000001a10743fbe0,
0x000001a10372fca0, 0x000001a1030620c0, 0x000001a103063400, 0x000001a103061250,
0x000001a1030638d0, 0x000001a103061720, 0x000001a103062590, 0x000001a1058bd980
}

Java Threads: ( => current thread )
  0x000001a156820a60 JavaThread "main" [_thread_in_vm, id=77252, stack(0x0000007b20000000,0x0000007b20100000)]
  0x000001a17e2c1bc0 JavaThread "Reference Handler" daemon [_thread_blocked, id=25680, stack(0x0000007b20700000,0x0000007b20800000)]
  0x000001a17e2c4a90 JavaThread "Finalizer" daemon [_thread_blocked, id=32292, stack(0x0000007b20800000,0x0000007b20900000)]
  0x000001a17e2bbc30 JavaThread "Signal Dispatcher" daemon [_thread_blocked, id=23972, stack(0x0000007b20900000,0x0000007b20a00000)]
  0x000001a17e2cdf60 JavaThread "Attach Listener" daemon [_thread_blocked, id=129572, stack(0x0000007b20a00000,0x0000007b20b00000)]
  0x000001a17e2cea20 JavaThread "Service Thread" daemon [_thread_blocked, id=131276, stack(0x0000007b20b00000,0x0000007b20c00000)]
  0x000001a17e7e3410 JavaThread "Monitor Deflation Thread" daemon [_thread_blocked, id=133080, stack(0x0000007b20c00000,0x0000007b20d00000)]
=>0x000001a17e7ee7d0 JavaThread "C2 CompilerThread0" daemon [_thread_in_native, id=90064, stack(0x0000007b20d00000,0x0000007b20e00000)]
  0x000001a17e7ef8b0 JavaThread "C1 CompilerThread0" daemon [_thread_blocked, id=116160, stack(0x0000007b20e00000,0x0000007b20f00000)]
  0x000001a17e7efdc0 JavaThread "Sweeper thread" daemon [_thread_blocked, id=129684, stack(0x0000007b20f00000,0x0000007b21000000)]
  0x000001a17e9101b0 JavaThread "Common-Cleaner" daemon [_thread_blocked, id=131764, stack(0x0000007b21000000,0x0000007b21100000)]
  0x000001a17ea44b50 JavaThread "JDWP Transport Listener: dt_socket" daemon [_thread_blocked, id=35080, stack(0x0000007b21100000,0x0000007b21200000)]
  0x000001a17ea35320 JavaThread "JDWP Event Helper Thread" daemon [_thread_blocked, id=80960, stack(0x0000007b21200000,0x0000007b21300000)]
  0x000001a17ea37a10 JavaThread "JDWP Command Reader" daemon [_thread_in_native, id=130092, stack(0x0000007b21300000,0x0000007b21400000)]
  0x000001a17fa81c80 JavaThread "Notification Thread" daemon [_thread_blocked, id=105804, stack(0x0000007b21500000,0x0000007b21600000)]
  0x000001a10311f840 JavaThread "ForkJoinPool.commonPool-worker-1" daemon [_thread_blocked, id=130588, stack(0x0000007b21b00000,0x0000007b21c00000)]
  0x000001a1033a7020 JavaThread "AsyncHttpClient-1-1" daemon [_thread_blocked, id=26872, stack(0x0000007b21c00000,0x0000007b21d00000)]
  0x000001a1058b54c0 JavaThread "Exec Default Executor" daemon [_thread_in_native, id=126260, stack(0x0000007b21d00000,0x0000007b21e00000)]
  0x000001a10784fa40 JavaThread "Exec Stream Pumper" daemon [_thread_in_native, id=62200, stack(0x0000007b21e00000,0x0000007b21f00000)]
  0x000001a10743fbe0 JavaThread "Exec Stream Pumper" daemon [_thread_in_native, id=117120, stack(0x0000007b21f00000,0x0000007b22000000)]
  0x000001a10372fca0 JavaThread "Driver Service Executor" daemon [_thread_blocked, id=74028, stack(0x0000007b22000000,0x0000007b22100000)]
  0x000001a1030620c0 JavaThread "Driver Service Executor" daemon [_thread_blocked, id=114940, stack(0x0000007b22100000,0x0000007b22200000)]
  0x000001a103063400 JavaThread "UrlChecker-2" daemon [_thread_blocked, id=130272, stack(0x0000007b22200000,0x0000007b22300000)]
  0x000001a103061250 JavaThread "Keep-Alive-Timer" daemon [_thread_blocked, id=73936, stack(0x0000007b22300000,0x0000007b22400000)]
  0x000001a1030638d0 JavaThread "AsyncHttpClient-1-2" daemon [_thread_in_native, id=84488, stack(0x0000007b22400000,0x0000007b22500000)]
  0x000001a103061720 JavaThread "AsyncHttpClient-1-3" daemon [_thread_in_native, id=128800, stack(0x0000007b21400000,0x0000007b21500000)]
  0x000001a103062590 JavaThread "AsyncHttpClient-1-4" daemon [_thread_in_native, id=131788, stack(0x0000007b22500000,0x0000007b22600000)]
  0x000001a1058bd980 JavaThread "C2 CompilerThread1" daemon [_thread_blocked, id=1948, stack(0x0000007b22600000,0x0000007b22700000)]

Other Threads:
  0x000001a17e7b0070 VMThread "VM Thread" [stack: 0x0000007b20600000,0x0000007b20700000] [id=81348]
  0x000001a17e0eb3d0 WatcherThread [stack: 0x0000007b21600000,0x0000007b21700000] [id=131496]
  0x000001a1568cc8b0 GCTaskThread "GC Thread#0" [stack: 0x0000007b20100000,0x0000007b20200000] [id=127924]
  0x000001a102cfb1f0 GCTaskThread "GC Thread#1" [stack: 0x0000007b21700000,0x0000007b21800000] [id=131964]
  0x000001a102c18b40 GCTaskThread "GC Thread#2" [stack: 0x0000007b21800000,0x0000007b21900000] [id=115148]
  0x000001a102c18df0 GCTaskThread "GC Thread#3" [stack: 0x0000007b21900000,0x0000007b21a00000] [id=115808]
  0x000001a17e0e0280 ConcurrentGCThread "G1 Main Marker" [stack: 0x0000007b20200000,0x0000007b20300000] [id=18752]
  0x000001a17e0e0ce0 ConcurrentGCThread "G1 Conc#0" [stack: 0x0000007b20300000,0x0000007b20400000] [id=16468]
  0x000001a17e1a4bb0 ConcurrentGCThread "G1 Refine#0" [stack: 0x0000007b20400000,0x0000007b20500000] [id=132124]
  0x000001a17e1ab640 ConcurrentGCThread "G1 Service" [stack: 0x0000007b20500000,0x0000007b20600000] [id=2184]

Threads with active compile tasks:
C2 CompilerThread0     6327 2676   !   4       java.util.jar.Attributes::read (494 bytes)

VM state: not at safepoint (normal execution)

VM Mutex/Monitor currently owned by a thread:  ([mutex/lock_event])
[0x000001a156808b50] Metaspace_lock - owner thread: 0x000001a156820a60

Heap address: 0x0000000600c00000, size: 8180 MB, Compressed Oops mode: Zero based, Oop shift amount: 3

CDS archive(s) not mapped
Compressed class space mapped at: 0x0000000800000000-0x0000000840000000, reserved size: 1073741824
Narrow klass base: 0x0000000800000000, Narrow klass shift: 0, Narrow klass range: 0x40000000

GC Precious Log:
 CPUs: 4 total, 4 available
 Memory: 32716M
 Large Page Support: Disabled
 NUMA Support: Disabled
 Compressed Oops: Enabled (Zero based)
 Heap Region Size: 4M
 Heap Min Capacity: 8M
 Heap Initial Capacity: 512M
 Heap Max Capacity: 8180M
 Pre-touch: Disabled
 Parallel Workers: 4
 Concurrent Workers: 1
 Concurrent Refinement Workers: 4
 Periodic GC: Disabled

Heap:
 garbage-first heap   total 303104K, used 47203K [0x0000000600c00000, 0x0000000800000000)
  region size 4096K, 8 young (32768K), 1 survivors (4096K)
 Metaspace       used 33908K, committed 34112K, reserved 1081344K
  class space    used 3766K, committed 3904K, reserved 1048576K

Heap Regions: E=young(eden), S=young(survivor), O=old, HS=humongous(starts), HC=humongous(continues), CS=collection set, F=free, OA=open archive, CA=closed archive, TAMS=top-at-mark-start (previous, next)
|   0|0x0000000600c00000, 0x0000000601000000, 0x0000000601000000|100%| O|  |TAMS 0x0000000601000000, 0x0000000600c00000| Untracked 
|   1|0x0000000601000000, 0x0000000601400000, 0x0000000601400000|100%| O|  |TAMS 0x0000000601400000, 0x0000000601000000| Untracked 
|   2|0x0000000601400000, 0x0000000601400000, 0x0000000601800000|  0%| F|  |TAMS 0x0000000601400000, 0x0000000601400000| Untracked 
|   3|0x0000000601800000, 0x0000000601b9aa00, 0x0000000601c00000| 90%| O|  |TAMS 0x0000000601800000, 0x0000000601800000| Untracked 
|   4|0x0000000601c00000, 0x0000000602000000, 0x0000000602000000|100%|HS|  |TAMS 0x0000000601c00000, 0x0000000601c00000| Complete 
|   5|0x0000000602000000, 0x0000000602400000, 0x0000000602400000|100%|HC|  |TAMS 0x0000000602000000, 0x0000000602000000| Complete 
|   6|0x0000000602400000, 0x0000000602400000, 0x0000000602800000|  0%| F|  |TAMS 0x0000000602400000, 0x0000000602400000| Untracked 
|   7|0x0000000602800000, 0x0000000602800000, 0x0000000602c00000|  0%| F|  |TAMS 0x0000000602800000, 0x0000000602800000| Untracked 
|   8|0x0000000602c00000, 0x0000000602e7e280, 0x0000000603000000| 62%| S|CS|TAMS 0x0000000602c00000, 0x0000000602c00000| Complete 
|   9|0x0000000603000000, 0x0000000603000000, 0x0000000603400000|  0%| F|  |TAMS 0x0000000603000000, 0x0000000603000000| Untracked 
|  10|0x0000000603400000, 0x0000000603400000, 0x0000000603800000|  0%| F|  |TAMS 0x0000000603400000, 0x0000000603400000| Untracked 
|  11|0x0000000603800000, 0x0000000603800000, 0x0000000603c00000|  0%| F|  |TAMS 0x0000000603800000, 0x0000000603800000| Untracked 
|  12|0x0000000603c00000, 0x0000000603c00000, 0x0000000604000000|  0%| F|  |TAMS 0x0000000603c00000, 0x0000000603c00000| Untracked 
|  13|0x0000000604000000, 0x0000000604000000, 0x0000000604400000|  0%| F|  |TAMS 0x0000000604000000, 0x0000000604000000| Untracked 
|  14|0x0000000604400000, 0x0000000604400000, 0x0000000604800000|  0%| F|  |TAMS 0x0000000604400000, 0x0000000604400000| Untracked 
|  15|0x0000000604800000, 0x0000000604800000, 0x0000000604c00000|  0%| F|  |TAMS 0x0000000604800000, 0x0000000604800000| Untracked 
|  16|0x0000000604c00000, 0x0000000604c00000, 0x0000000605000000|  0%| F|  |TAMS 0x0000000604c00000, 0x0000000604c00000| Untracked 
|  17|0x0000000605000000, 0x0000000605000000, 0x0000000605400000|  0%| F|  |TAMS 0x0000000605000000, 0x0000000605000000| Untracked 
|  18|0x0000000605400000, 0x0000000605400000, 0x0000000605800000|  0%| F|  |TAMS 0x0000000605400000, 0x0000000605400000| Untracked 
|  19|0x0000000605800000, 0x0000000605800000, 0x0000000605c00000|  0%| F|  |TAMS 0x0000000605800000, 0x0000000605800000| Untracked 
|  20|0x0000000605c00000, 0x0000000605c00000, 0x0000000606000000|  0%| F|  |TAMS 0x0000000605c00000, 0x0000000605c00000| Untracked 
|  21|0x0000000606000000, 0x0000000606000000, 0x0000000606400000|  0%| F|  |TAMS 0x0000000606000000, 0x0000000606000000| Untracked 
|  22|0x0000000606400000, 0x0000000606400000, 0x0000000606800000|  0%| F|  |TAMS 0x0000000606400000, 0x0000000606400000| Untracked 
|  23|0x0000000606800000, 0x0000000606800000, 0x0000000606c00000|  0%| F|  |TAMS 0x0000000606800000, 0x0000000606800000| Untracked 
|  24|0x0000000606c00000, 0x0000000606c00000, 0x0000000607000000|  0%| F|  |TAMS 0x0000000606c00000, 0x0000000606c00000| Untracked 
|  25|0x0000000607000000, 0x0000000607000000, 0x0000000607400000|  0%| F|  |TAMS 0x0000000607000000, 0x0000000607000000| Untracked 
|  26|0x0000000607400000, 0x0000000607400000, 0x0000000607800000|  0%| F|  |TAMS 0x0000000607400000, 0x0000000607400000| Untracked 
|  27|0x0000000607800000, 0x0000000607800000, 0x0000000607c00000|  0%| F|  |TAMS 0x0000000607800000, 0x0000000607800000| Untracked 
|  28|0x0000000607c00000, 0x0000000607c00000, 0x0000000608000000|  0%| F|  |TAMS 0x0000000607c00000, 0x0000000607c00000| Untracked 
|  29|0x0000000608000000, 0x0000000608000000, 0x0000000608400000|  0%| F|  |TAMS 0x0000000608000000, 0x0000000608000000| Untracked 
|  30|0x0000000608400000, 0x0000000608400000, 0x0000000608800000|  0%| F|  |TAMS 0x0000000608400000, 0x0000000608400000| Untracked 
|  31|0x0000000608800000, 0x0000000608800000, 0x0000000608c00000|  0%| F|  |TAMS 0x0000000608800000, 0x0000000608800000| Untracked 
|  32|0x0000000608c00000, 0x0000000608c00000, 0x0000000609000000|  0%| F|  |TAMS 0x0000000608c00000, 0x0000000608c00000| Untracked 
|  33|0x0000000609000000, 0x0000000609000000, 0x0000000609400000|  0%| F|  |TAMS 0x0000000609000000, 0x0000000609000000| Untracked 
|  34|0x0000000609400000, 0x0000000609400000, 0x0000000609800000|  0%| F|  |TAMS 0x0000000609400000, 0x0000000609400000| Untracked 
|  35|0x0000000609800000, 0x0000000609800000, 0x0000000609c00000|  0%| F|  |TAMS 0x0000000609800000, 0x0000000609800000| Untracked 
|  36|0x0000000609c00000, 0x0000000609c00000, 0x000000060a000000|  0%| F|  |TAMS 0x0000000609c00000, 0x0000000609c00000| Untracked 
|  37|0x000000060a000000, 0x000000060a000000, 0x000000060a400000|  0%| F|  |TAMS 0x000000060a000000, 0x000000060a000000| Untracked 
|  38|0x000000060a400000, 0x000000060a400000, 0x000000060a800000|  0%| F|  |TAMS 0x000000060a400000, 0x000000060a400000| Untracked 
|  39|0x000000060a800000, 0x000000060a800000, 0x000000060ac00000|  0%| F|  |TAMS 0x000000060a800000, 0x000000060a800000| Untracked 
|  40|0x000000060ac00000, 0x000000060ac00000, 0x000000060b000000|  0%| F|  |TAMS 0x000000060ac00000, 0x000000060ac00000| Untracked 
|  41|0x000000060b000000, 0x000000060b000000, 0x000000060b400000|  0%| F|  |TAMS 0x000000060b000000, 0x000000060b000000| Untracked 
|  42|0x000000060b400000, 0x000000060b400000, 0x000000060b800000|  0%| F|  |TAMS 0x000000060b400000, 0x000000060b400000| Untracked 
|  43|0x000000060b800000, 0x000000060b800000, 0x000000060bc00000|  0%| F|  |TAMS 0x000000060b800000, 0x000000060b800000| Untracked 
|  44|0x000000060bc00000, 0x000000060bc00000, 0x000000060c000000|  0%| F|  |TAMS 0x000000060bc00000, 0x000000060bc00000| Untracked 
|  45|0x000000060c000000, 0x000000060c000000, 0x000000060c400000|  0%| F|  |TAMS 0x000000060c000000, 0x000000060c000000| Untracked 
|  46|0x000000060c400000, 0x000000060c400000, 0x000000060c800000|  0%| F|  |TAMS 0x000000060c400000, 0x000000060c400000| Untracked 
|  47|0x000000060c800000, 0x000000060c800000, 0x000000060cc00000|  0%| F|  |TAMS 0x000000060c800000, 0x000000060c800000| Untracked 
|  48|0x000000060cc00000, 0x000000060cc00000, 0x000000060d000000|  0%| F|  |TAMS 0x000000060cc00000, 0x000000060cc00000| Untracked 
|  49|0x000000060d000000, 0x000000060d000000, 0x000000060d400000|  0%| F|  |TAMS 0x000000060d000000, 0x000000060d000000| Untracked 
|  50|0x000000060d400000, 0x000000060d400000, 0x000000060d800000|  0%| F|  |TAMS 0x000000060d400000, 0x000000060d400000| Untracked 
|  51|0x000000060d800000, 0x000000060d800000, 0x000000060dc00000|  0%| F|  |TAMS 0x000000060d800000, 0x000000060d800000| Untracked 
|  52|0x000000060dc00000, 0x000000060dc00000, 0x000000060e000000|  0%| F|  |TAMS 0x000000060dc00000, 0x000000060dc00000| Untracked 
|  53|0x000000060e000000, 0x000000060e000000, 0x000000060e400000|  0%| F|  |TAMS 0x000000060e000000, 0x000000060e000000| Untracked 
|  54|0x000000060e400000, 0x000000060e400000, 0x000000060e800000|  0%| F|  |TAMS 0x000000060e400000, 0x000000060e400000| Untracked 
|  55|0x000000060e800000, 0x000000060e800000, 0x000000060ec00000|  0%| F|  |TAMS 0x000000060e800000, 0x000000060e800000| Untracked 
|  56|0x000000060ec00000, 0x000000060ec00000, 0x000000060f000000|  0%| F|  |TAMS 0x000000060ec00000, 0x000000060ec00000| Untracked 
|  57|0x000000060f000000, 0x000000060f000000, 0x000000060f400000|  0%| F|  |TAMS 0x000000060f000000, 0x000000060f000000| Untracked 
|  58|0x000000060f400000, 0x000000060f400000, 0x000000060f800000|  0%| F|  |TAMS 0x000000060f400000, 0x000000060f400000| Untracked 
|  59|0x000000060f800000, 0x000000060f800000, 0x000000060fc00000|  0%| F|  |TAMS 0x000000060f800000, 0x000000060f800000| Untracked 
|  60|0x000000060fc00000, 0x000000060fc00000, 0x0000000610000000|  0%| F|  |TAMS 0x000000060fc00000, 0x000000060fc00000| Untracked 
|  61|0x0000000610000000, 0x0000000610000000, 0x0000000610400000|  0%| F|  |TAMS 0x0000000610000000, 0x0000000610000000| Untracked 
|  62|0x0000000610400000, 0x0000000610400000, 0x0000000610800000|  0%| F|  |TAMS 0x0000000610400000, 0x0000000610400000| Untracked 
|  63|0x0000000610800000, 0x0000000610800000, 0x0000000610c00000|  0%| F|  |TAMS 0x0000000610800000, 0x0000000610800000| Untracked 
|  64|0x0000000610c00000, 0x0000000610c00000, 0x0000000611000000|  0%| F|  |TAMS 0x0000000610c00000, 0x0000000610c00000| Untracked 
|  65|0x0000000611000000, 0x0000000611000000, 0x0000000611400000|  0%| F|  |TAMS 0x0000000611000000, 0x0000000611000000| Untracked 
|  66|0x0000000611400000, 0x0000000611400000, 0x0000000611800000|  0%| F|  |TAMS 0x0000000611400000, 0x0000000611400000| Untracked 
|  67|0x0000000611800000, 0x0000000611c00000, 0x0000000611c00000|100%| E|  |TAMS 0x0000000611800000, 0x0000000611800000| Complete 
|  68|0x0000000611c00000, 0x0000000612000000, 0x0000000612000000|100%| E|CS|TAMS 0x0000000611c00000, 0x0000000611c00000| Complete 
|  69|0x0000000612000000, 0x0000000612400000, 0x0000000612400000|100%| E|CS|TAMS 0x0000000612000000, 0x0000000612000000| Complete 
|  70|0x0000000612400000, 0x0000000612800000, 0x0000000612800000|100%| E|CS|TAMS 0x0000000612400000, 0x0000000612400000| Complete 
| 124|0x000000061fc00000, 0x0000000620000000, 0x0000000620000000|100%| E|CS|TAMS 0x000000061fc00000, 0x000000061fc00000| Complete 
| 125|0x0000000620000000, 0x0000000620400000, 0x0000000620400000|100%| E|CS|TAMS 0x0000000620000000, 0x0000000620000000| Complete 
| 127|0x0000000620800000, 0x0000000620c00000, 0x0000000620c00000|100%| E|CS|TAMS 0x0000000620800000, 0x0000000620800000| Complete 

Card table byte_map: [0x000001a16c130000,0x000001a16d130000] _byte_map_base: 0x000001a16912a000

Marking Bits (Prev, Next): (CMBitMap*) 0x000001a1568cce10, (CMBitMap*) 0x000001a1568ccdd0
 Prev Bits: [0x000001a176100000, 0x000001a17e0d0000)
 Next Bits: [0x000001a16e130000, 0x000001a176100000)

Polling page: 0x000001a156310000

Metaspace:

Usage:
  Non-class:     29.44 MB used.
      Class:      3.68 MB used.
       Both:     33.11 MB used.

Virtual space:
  Non-class space:       32.00 MB reserved,      29.50 MB ( 92%) committed,  4 nodes.
      Class space:        1.00 GB reserved,       3.81 MB ( <1%) committed,  1 nodes.
             Both:        1.03 GB reserved,      33.31 MB (  3%) committed. 

Chunk freelists:
   Non-Class:  2.42 MB
       Class:  48.00 KB
        Both:  2.47 MB

MaxMetaspaceSize: unlimited
CompressedClassSpaceSize: 1.00 GB
Initial GC threshold: 21.00 MB
Current GC threshold: 35.31 MB
CDS: off
MetaspaceReclaimPolicy: balanced
 - commit_granule_bytes: 65536.
 - commit_granule_words: 8192.
 - virtual_space_node_default_size: 1048576.
 - enlarge_chunks_in_place: 1.
 - new_chunks_are_fully_committed: 0.
 - uncommit_free_chunks: 1.
 - use_allocation_guard: 0.
 - handle_deallocations: 1.


Internal statistics:

num_allocs_failed_limit: 3.
num_arena_births: 182.
num_arena_deaths: 0.
num_vsnodes_births: 5.
num_vsnodes_deaths: 0.
num_space_committed: 533.
num_space_uncommitted: 0.
num_chunks_returned_to_freelist: 3.
num_chunks_taken_from_freelist: 838.
num_chunk_merges: 3.
num_chunk_splits: 557.
num_chunks_enlarged: 432.
num_purges: 0.
num_inconsistent_stats: 0.

CodeHeap 'non-profiled nmethods': size=120000Kb used=1708Kb max_used=1708Kb free=118291Kb
 bounds [0x000001a1636c0000, 0x000001a163930000, 0x000001a16abf0000]
CodeHeap 'profiled nmethods': size=120000Kb used=5582Kb max_used=5582Kb free=114417Kb
 bounds [0x000001a15bbf0000, 0x000001a15c170000, 0x000001a163120000]
CodeHeap 'non-nmethods': size=5760Kb used=1362Kb max_used=1428Kb free=4397Kb
 bounds [0x000001a163120000, 0x000001a163390000, 0x000001a1636c0000]
 total_blobs=3292 nmethods=2703 adapters=501
 compilation: enabled
              stopped_count=0, restarted_count=0
 full_count=0

Compilation events (20 events):
Event: 6.259 Thread 0x000001a17e7ef8b0 2683       3       java.math.BigInteger::implSquareToLen (154 bytes)
Event: 6.259 Thread 0x000001a17e7ef8b0 nmethod 2683 0x000001a15c153710 code [0x000001a15c153900, 0x000001a15c153dc8]
Event: 6.259 Thread 0x000001a17e7ef8b0 2684       3       java.math.BigInteger::implMultiplyToLen (216 bytes)
Event: 6.260 Thread 0x000001a17e7ef8b0 nmethod 2684 0x000001a15c154210 code [0x000001a15c154400, 0x000001a15c154a38]
Event: 6.260 Thread 0x000001a17e7ef8b0 2685       3       sun.security.x509.X509CertInfo::get (289 bytes)
Event: 6.261 Thread 0x000001a17e7ef8b0 nmethod 2685 0x000001a15c154e90 code [0x000001a15c155320, 0x000001a15c156e68]
Event: 6.261 Thread 0x000001a17e7ef8b0 2686       3       jdk.internal.reflect.ClassFileAssembler::emitConstantPoolMethodref (28 bytes)
Event: 6.262 Thread 0x000001a17e7ef8b0 nmethod 2686 0x000001a15c157790 code [0x000001a15c1579c0, 0x000001a15c1580c8]
Event: 6.262 Thread 0x000001a1058bd980 nmethod 2680 0x000001a163865790 code [0x000001a163865920, 0x000001a163865c38]
Event: 6.262 Thread 0x000001a1058bd980 2677       4       java.lang.String::<init> (828 bytes)
Event: 6.272 Thread 0x000001a17e7ef8b0 2687       3       sun.security.provider.DigestBase::implCompressMultiBlockCheck (67 bytes)
Event: 6.273 Thread 0x000001a17e7ef8b0 nmethod 2687 0x000001a15c158490 code [0x000001a15c1586a0, 0x000001a15c158c28]
Event: 6.279 Thread 0x000001a1058bd980 nmethod 2677 0x000001a163865f10 code [0x000001a163866160, 0x000001a1638676e0]
Event: 6.279 Thread 0x000001a17e7ef8b0 2688       3       java.security.MessageDigest::update (45 bytes)
Event: 6.279 Thread 0x000001a1058bd980 2681       4       java.util.Arrays::copyOf (19 bytes)
Event: 6.279 Thread 0x000001a17e7ef8b0 nmethod 2688 0x000001a15c158e90 code [0x000001a15c159080, 0x000001a15c1595a8]
Event: 6.279 Thread 0x000001a17e7ef8b0 2689   !   3       java.security.cert.Certificate::equals (38 bytes)
Event: 6.280 Thread 0x000001a17e7ef8b0 nmethod 2689 0x000001a15c159790 code [0x000001a15c159aa0, 0x000001a15c15ade8]
Event: 6.281 Thread 0x000001a1058bd980 nmethod 2681 0x000001a163868010 code [0x000001a1638681a0, 0x000001a1638683d8]
Event: 6.281 Thread 0x000001a1058bd980 2678       4       java.util.jar.Manifest$FastInputStream::readLine (9 bytes)

GC Heap History (14 events):
Event: 0.897 GC heap before
{Heap before GC invocations=0 (full 0):
 garbage-first heap   total 524288K, used 20480K [0x0000000600c00000, 0x0000000800000000)
  region size 4096K, 6 young (24576K), 0 survivors (0K)
 Metaspace       used 11601K, committed 11840K, reserved 1064960K
  class space    used 989K, committed 1088K, reserved 1048576K
}
Event: 0.903 GC heap after
{Heap after GC invocations=1 (full 0):
 garbage-first heap   total 524288K, used 7816K [0x0000000600c00000, 0x0000000800000000)
  region size 4096K, 1 young (4096K), 1 survivors (4096K)
 Metaspace       used 11601K, committed 11840K, reserved 1064960K
  class space    used 989K, committed 1088K, reserved 1048576K
}
Event: 1.241 GC heap before
{Heap before GC invocations=1 (full 0):
 garbage-first heap   total 524288K, used 28296K [0x0000000600c00000, 0x0000000800000000)
  region size 4096K, 6 young (24576K), 1 survivors (4096K)
 Metaspace       used 15106K, committed 15296K, reserved 1064960K
  class space    used 1381K, committed 1472K, reserved 1048576K
}
Event: 1.246 GC heap after
{Heap after GC invocations=2 (full 0):
 garbage-first heap   total 524288K, used 9492K [0x0000000600c00000, 0x0000000800000000)
  region size 4096K, 1 young (4096K), 1 survivors (4096K)
 Metaspace       used 15106K, committed 15296K, reserved 1064960K
  class space    used 1381K, committed 1472K, reserved 1048576K
}
Event: 2.194 GC heap before
{Heap before GC invocations=2 (full 0):
 garbage-first heap   total 524288K, used 34068K [0x0000000600c00000, 0x0000000800000000)
  region size 4096K, 8 young (32768K), 1 survivors (4096K)
 Metaspace       used 20880K, committed 21056K, reserved 1073152K
  class space    used 2053K, committed 2176K, reserved 1048576K
}
Event: 2.198 GC heap after
{Heap after GC invocations=3 (full 0):
 garbage-first heap   total 524288K, used 13005K [0x0000000600c00000, 0x0000000800000000)
  region size 4096K, 1 young (4096K), 1 survivors (4096K)
 Metaspace       used 20880K, committed 21056K, reserved 1073152K
  class space    used 2053K, committed 2176K, reserved 1048576K
}
Event: 2.231 GC heap before
{Heap before GC invocations=3 (full 0):
 garbage-first heap   total 524288K, used 17101K [0x0000000600c00000, 0x0000000800000000)
  region size 4096K, 3 young (12288K), 1 survivors (4096K)
 Metaspace       used 21327K, committed 21504K, reserved 1073152K
  class space    used 2118K, committed 2240K, reserved 1048576K
}
Event: 2.237 GC heap after
{Heap after GC invocations=4 (full 0):
 garbage-first heap   total 524288K, used 13276K [0x0000000600c00000, 0x0000000800000000)
  region size 4096K, 2 young (8192K), 2 survivors (8192K)
 Metaspace       used 21327K, committed 21504K, reserved 1073152K
  class space    used 2118K, committed 2240K, reserved 1048576K
}
Event: 2.769 GC heap before
{Heap before GC invocations=5 (full 0):
 garbage-first heap   total 81920K, used 54236K [0x0000000600c00000, 0x0000000800000000)
  region size 4096K, 12 young (49152K), 2 survivors (8192K)
 Metaspace       used 26477K, committed 26688K, reserved 1073152K
  class space    used 2769K, committed 2880K, reserved 1048576K
}
Event: 2.777 GC heap after
{Heap after GC invocations=6 (full 0):
 garbage-first heap   total 81920K, used 13525K [0x0000000600c00000, 0x0000000800000000)
  region size 4096K, 1 young (4096K), 1 survivors (4096K)
 Metaspace       used 26477K, committed 26688K, reserved 1073152K
  class space    used 2769K, committed 2880K, reserved 1048576K
}
Event: 2.894 GC heap before
{Heap before GC invocations=6 (full 0):
 garbage-first heap   total 81920K, used 17621K [0x0000000600c00000, 0x0000000800000000)
  region size 4096K, 2 young (8192K), 1 survivors (4096K)
 Metaspace       used 26908K, committed 27136K, reserved 1073152K
  class space    used 2820K, committed 2944K, reserved 1048576K
}
Event: 2.900 GC heap after
{Heap after GC invocations=7 (full 0):
 garbage-first heap   total 81920K, used 13712K [0x0000000600c00000, 0x0000000800000000)
  region size 4096K, 1 young (4096K), 1 survivors (4096K)
 Metaspace       used 26908K, committed 27136K, reserved 1073152K
  class space    used 2820K, committed 2944K, reserved 1048576K
}
Event: 4.659 GC heap before
{Heap before GC invocations=7 (full 0):
 garbage-first heap   total 81920K, used 62864K [0x0000000600c00000, 0x0000000800000000)
  region size 4096K, 11 young (45056K), 1 survivors (4096K)
 Metaspace       used 31515K, committed 31680K, reserved 1081344K
  class space    used 3457K, committed 3520K, reserved 1048576K
}
Event: 4.665 GC heap after
{Heap after GC invocations=8 (full 0):
 garbage-first heap   total 303104K, used 22627K [0x0000000600c00000, 0x0000000800000000)
  region size 4096K, 1 young (4096K), 1 survivors (4096K)
 Metaspace       used 31515K, committed 31680K, reserved 1081344K
  class space    used 3457K, committed 3520K, reserved 1048576K
}

Dll operation events (11 events):
Event: 0.031 Loaded shared library C:\Users\beerim\.p2\pool\plugins\org.eclipse.justj.openjdk.hotspot.jre.full.win32.x86_64_17.0.6.v20230204-1729\jre\bin\java.dll
Event: 0.345 Loaded shared library C:\Users\beerim\.p2\pool\plugins\org.eclipse.justj.openjdk.hotspot.jre.full.win32.x86_64_17.0.6.v20230204-1729\jre\bin\zip.dll
Event: 0.349 Loaded shared library C:\Users\beerim\.p2\pool\plugins\org.eclipse.justj.openjdk.hotspot.jre.full.win32.x86_64_17.0.6.v20230204-1729\jre\bin\instrument.dll
Event: 0.371 Loaded shared library C:\Users\beerim\.p2\pool\plugins\org.eclipse.justj.openjdk.hotspot.jre.full.win32.x86_64_17.0.6.v20230204-1729\jre\bin\net.dll
Event: 0.373 Loaded shared library C:\Users\beerim\.p2\pool\plugins\org.eclipse.justj.openjdk.hotspot.jre.full.win32.x86_64_17.0.6.v20230204-1729\jre\bin\nio.dll
Event: 0.381 Loaded shared library C:\Users\beerim\.p2\pool\plugins\org.eclipse.justj.openjdk.hotspot.jre.full.win32.x86_64_17.0.6.v20230204-1729\jre\bin\zip.dll
Event: 0.656 Loaded shared library C:\Users\beerim\.p2\pool\plugins\org.eclipse.justj.openjdk.hotspot.jre.full.win32.x86_64_17.0.6.v20230204-1729\jre\bin\jimage.dll
Event: 0.711 Loaded shared library C:\Users\beerim\.p2\pool\plugins\org.eclipse.justj.openjdk.hotspot.jre.full.win32.x86_64_17.0.6.v20230204-1729\jre\bin\verify.dll
Event: 1.461 Loaded shared library C:\Users\beerim\.p2\pool\plugins\org.eclipse.justj.openjdk.hotspot.jre.full.win32.x86_64_17.0.6.v20230204-1729\jre\bin\sunmscapi.dll
Event: 2.511 Loaded shared library C:\Users\beerim\.p2\pool\plugins\org.eclipse.justj.openjdk.hotspot.jre.full.win32.x86_64_17.0.6.v20230204-1729\jre\bin\management.dll
Event: 2.519 Loaded shared library C:\Users\beerim\.p2\pool\plugins\org.eclipse.justj.openjdk.hotspot.jre.full.win32.x86_64_17.0.6.v20230204-1729\jre\bin\management_ext.dll

Deoptimization events (20 events):
Event: 4.728 Thread 0x000001a156820a60 DEOPT PACKING pc=0x000001a16375382c sp=0x0000007b200fe450
Event: 4.728 Thread 0x000001a156820a60 DEOPT UNPACKING pc=0x000001a16317a1a3 sp=0x0000007b200fe410 mode 2
Event: 5.028 Thread 0x000001a156820a60 Uncommon trap: trap_request=0xffffff45 fr.pc=0x000001a16382f290 relative=0x0000000000003db0
Event: 5.028 Thread 0x000001a156820a60 Uncommon trap: reason=unstable_if action=reinterpret pc=0x000001a16382f290 method=jdk.internal.loader.URLClassPath$FileLoader.getResource(Ljava/lang/String;Z)Ljdk/internal/loader/Resource; @ 139 c2
Event: 5.028 Thread 0x000001a156820a60 DEOPT PACKING pc=0x000001a16382f290 sp=0x0000007b200fe320
Event: 5.028 Thread 0x000001a156820a60 DEOPT UNPACKING pc=0x000001a16317a1a3 sp=0x0000007b200fe338 mode 2
Event: 6.253 Thread 0x000001a156820a60 DEOPT PACKING pc=0x000001a15c147818 sp=0x0000007b200fdb80
Event: 6.253 Thread 0x000001a156820a60 DEOPT UNPACKING pc=0x000001a16317ace3 sp=0x0000007b200fcff0 mode 0
Event: 6.253 Thread 0x000001a156820a60 DEOPT PACKING pc=0x000001a15c147818 sp=0x0000007b200fdb80
Event: 6.253 Thread 0x000001a156820a60 DEOPT UNPACKING pc=0x000001a16317ace3 sp=0x0000007b200fcff0 mode 0
Event: 6.254 Thread 0x000001a156820a60 DEOPT PACKING pc=0x000001a15c147818 sp=0x0000007b200fdb80
Event: 6.254 Thread 0x000001a156820a60 DEOPT UNPACKING pc=0x000001a16317ace3 sp=0x0000007b200fcff0 mode 0
Event: 6.254 Thread 0x000001a156820a60 DEOPT PACKING pc=0x000001a15c147818 sp=0x0000007b200fdb80
Event: 6.254 Thread 0x000001a156820a60 DEOPT UNPACKING pc=0x000001a16317ace3 sp=0x0000007b200fcff0 mode 0
Event: 6.254 Thread 0x000001a156820a60 DEOPT PACKING pc=0x000001a15c147818 sp=0x0000007b200fdb80
Event: 6.254 Thread 0x000001a156820a60 DEOPT UNPACKING pc=0x000001a16317ace3 sp=0x0000007b200fcff0 mode 0
Event: 6.254 Thread 0x000001a156820a60 DEOPT PACKING pc=0x000001a15c147818 sp=0x0000007b200fdb80
Event: 6.254 Thread 0x000001a156820a60 DEOPT UNPACKING pc=0x000001a16317ace3 sp=0x0000007b200fcff0 mode 0
Event: 6.254 Thread 0x000001a156820a60 DEOPT PACKING pc=0x000001a15c147818 sp=0x0000007b200fdb80
Event: 6.254 Thread 0x000001a156820a60 DEOPT UNPACKING pc=0x000001a16317ace3 sp=0x0000007b200fcff0 mode 0

Classes unloaded (0 events):
No events

Classes redefined (0 events):
No events

Internal exceptions (20 events):
Event: 3.143 Thread 0x000001a103063400 Exception <a 'java/net/SocketException'{0x0000000604c905d8}: Socket is not connected: shutdown> (0x0000000604c905d8) 
thrown [s\src\hotspot\share\prims\jni.cpp, line 535]
Event: 3.191 Thread 0x000001a103063400 Exception <a 'java/net/ConnectException'{0x0000000604c91570}: Connection refused: no further information> (0x0000000604c91570) 
thrown [s\src\hotspot\share\prims\jni.cpp, line 535]
Event: 3.191 Thread 0x000001a103063400 Exception <a 'java/net/SocketException'{0x0000000604c918a8}: Socket is not connected: shutdown> (0x0000000604c918a8) 
thrown [s\src\hotspot\share\prims\jni.cpp, line 535]
Event: 3.307 Thread 0x000001a156820a60 Exception <a 'java/lang/NoSuchMethodError'{0x0000000604d87b70}: 'int java.lang.invoke.DirectMethodHandle$Holder.invokeVirtual(java.lang.Object, java.lang.Object)'> (0x0000000604d87b70) 
thrown [s\src\hotspot\share\interpreter\linkResolver.cpp, line 759]
Event: 3.308 Thread 0x000001a156820a60 Exception <a 'java/lang/NoSuchMethodError'{0x0000000604d8e058}: 'double java.lang.invoke.DirectMethodHandle$Holder.invokeVirtual(java.lang.Object, java.lang.Object)'> (0x0000000604d8e058) 
thrown [s\src\hotspot\share\interpreter\linkResolver.cpp, line 759]
Event: 3.309 Thread 0x000001a156820a60 Exception <a 'java/lang/NoSuchMethodError'{0x0000000604d94800}: 'float java.lang.invoke.DirectMethodHandle$Holder.invokeVirtual(java.lang.Object, java.lang.Object)'> (0x0000000604d94800) 
thrown [s\src\hotspot\share\interpreter\linkResolver.cpp, line 759]
Event: 3.310 Thread 0x000001a156820a60 Exception <a 'java/lang/NoSuchMethodError'{0x0000000604d9dbd8}: 'long java.lang.invoke.DirectMethodHandle$Holder.invokeVirtual(java.lang.Object, java.lang.Object)'> (0x0000000604d9dbd8) 
thrown [s\src\hotspot\share\interpreter\linkResolver.cpp, line 759]
Event: 3.314 Thread 0x000001a156820a60 Exception <a 'java/lang/NoSuchMethodError'{0x0000000604e0cc20}: 'void java.lang.invoke.DirectMethodHandle$Holder.invokeStatic(java.lang.Object, java.lang.Object, java.lang.Object)'> (0x0000000604e0cc20) 
thrown [s\src\hotspot\share\interpreter\linkResolver.cpp, line 759]
Event: 3.345 Thread 0x000001a156820a60 Exception <a 'java/lang/NoSuchMethodError'{0x0000000604828330}: 'java.lang.Object java.lang.invoke.DirectMethodHandle$Holder.newInvokeSpecial(java.lang.Object, java.lang.Object, int, int)'> (0x0000000604828330) 
thrown [s\src\hotspot\share\interpreter\linkResolver.cpp, line 759]
Event: 3.346 Thread 0x000001a156820a60 Exception <a 'java/lang/NoSuchMethodError'{0x00000006048360e0}: 'void java.lang.invoke.DirectMethodHandle$Holder.invokeStatic(java.lang.Object, java.lang.Object, int)'> (0x00000006048360e0) 
thrown [s\src\hotspot\share\interpreter\linkResolver.cpp, line 759]
Event: 3.400 Thread 0x000001a156820a60 Exception <a 'java/lang/NoSuchMethodError'{0x0000000604582798}: 'int java.lang.invoke.DirectMethodHandle$Holder.invokeSpecialIFC(java.lang.Object, java.lang.Object, java.lang.Object)'> (0x0000000604582798) 
thrown [s\src\hotspot\share\interpreter\linkResolver.cpp, line 759]
Event: 3.418 Thread 0x000001a156820a60 Exception <a 'java/lang/NoSuchMethodError'{0x0000000604714710}: 'void java.lang.invoke.DirectMethodHandle$Holder.invokeStatic(java.lang.Object, java.lang.Object, java.lang.Object, java.lang.Object)'> (0x0000000604714710) 
thrown [s\src\hotspot\share\interpreter\linkResolver.cpp, line 759]
Event: 3.465 Thread 0x000001a156820a60 Exception <a 'java/lang/NoSuchMethodError'{0x0000000603cb1338}: 'void java.lang.invoke.DirectMethodHandle$Holder.invokeSpecial(java.lang.Object, java.lang.Object, java.lang.Object, java.lang.Object, java.lang.Object, java.lang.Object)'> (0x0000000603cb1338) 
thrown [s\src\hotspot\share\interpreter\linkResolver.cpp, line 759]
Event: 4.721 Thread 0x000001a156820a60 Exception <a 'java/lang/NoSuchMethodError'{0x0000000620109460}: 'java.lang.Object java.lang.invoke.DirectMethodHandle$Holder.invokeSpecialIFC(java.lang.Object, java.lang.Object, java.lang.Object)'> (0x0000000620109460) 
thrown [s\src\hotspot\share\interpreter\linkResolver.cpp, line 759]
Event: 4.725 Thread 0x000001a156820a60 Exception <a 'java/lang/NoSuchMethodError'{0x0000000620156760}: 'void java.lang.invoke.DirectMethodHandle$Holder.invokeSpecial(java.lang.Object, java.lang.Object, java.lang.Object)'> (0x0000000620156760) 
thrown [s\src\hotspot\share\interpreter\linkResolver.cpp, line 759]
Event: 4.751 Thread 0x000001a156820a60 Exception <a 'java/lang/NoSuchMethodError'{0x000000062036e210}: 'void java.lang.invoke.DirectMethodHandle$Holder.invokeSpecial(java.lang.Object, java.lang.Object, java.lang.Object, java.lang.Object, java.lang.Object)'> (0x000000062036e210) 
thrown [s\src\hotspot\share\interpreter\linkResolver.cpp, line 759]
Event: 4.842 Thread 0x000001a156820a60 Exception <a 'java/lang/NoSuchMethodError'{0x00000006127b1c90}: 'java.lang.Object java.lang.invoke.DirectMethodHandle$Holder.invokeStatic(java.lang.Object, int, java.lang.Object)'> (0x00000006127b1c90) 
thrown [s\src\hotspot\share\interpreter\linkResolver.cpp, line 759]
Event: 4.862 Thread 0x000001a156820a60 Exception <a 'java/lang/ClassNotFoundException'{0x000000061200d8e0}: sun/util/logging/resources/spi/loggingProvider> (0x000000061200d8e0) 
thrown [s\src\hotspot\share\classfile\systemDictionary.cpp, line 256]
Event: 6.226 Thread 0x000001a156820a60 Exception <a 'java/lang/NoSuchMethodError'{0x00000006123f31c8}: 'java.lang.Object java.lang.invoke.Invokers$Holder.invokeExact_MT(java.lang.Object, java.lang.Object, java.lang.Object, java.lang.Object, java.lang.Object, java.lang.Object)'> (0x00000006123f31c8) 
thrown [s\src\hotspot\share\interpreter\linkResolver.cpp, line 759]
Event: 6.228 Thread 0x000001a156820a60 Exception <a 'java/lang/ClassNotFoundException'{0x0000000611c1f818}: sun/misc/SharedSecrets> (0x0000000611c1f818) 
thrown [s\src\hotspot\share\classfile\systemDictionary.cpp, line 256]

VM Operations (20 events):
Event: 2.245 Executing VM operation: G1Concurrent
Event: 2.247 Executing VM operation: G1Concurrent done
Event: 2.250 Executing VM operation: G1Concurrent
Event: 2.250 Executing VM operation: G1Concurrent done
Event: 2.769 Executing VM operation: G1CollectForAllocation
Event: 2.777 Executing VM operation: G1CollectForAllocation done
Event: 2.894 Executing VM operation: G1CollectForAllocation
Event: 2.900 Executing VM operation: G1CollectForAllocation done
Event: 3.293 Executing VM operation: HandshakeAllThreads
Event: 3.293 Executing VM operation: HandshakeAllThreads done
Event: 3.293 Executing VM operation: HandshakeAllThreads
Event: 3.293 Executing VM operation: HandshakeAllThreads done
Event: 3.295 Executing VM operation: HandshakeAllThreads
Event: 3.295 Executing VM operation: HandshakeAllThreads done
Event: 4.295 Executing VM operation: Cleanup
Event: 4.295 Executing VM operation: Cleanup done
Event: 4.659 Executing VM operation: G1CollectForAllocation
Event: 4.665 Executing VM operation: G1CollectForAllocation done
Event: 5.670 Executing VM operation: Cleanup
Event: 5.671 Executing VM operation: Cleanup done

Events (20 events):
Event: 4.863 loading class sun/util/logging/resources/logging_en_US
Event: 4.863 loading class sun/util/logging/resources/logging_en_US done
Event: 4.863 loading class java/util/Formatter$DateTime
Event: 4.863 loading class java/util/Formatter$DateTime done
Event: 4.864 loading class java/time/ZonedDateTime$1
Event: 4.864 loading class java/time/ZonedDateTime$1 done
Event: 4.864 loading class java/time/LocalTime$1
Event: 4.865 loading class java/time/LocalTime$1 done
Event: 5.026 Thread 0x000001a1052d6d50 Thread exited: 0x000001a1052d6d50
Event: 5.999 loading class java/net/URLEncoder
Event: 5.999 loading class java/net/URLEncoder done
Event: 6.225 loading class java/util/function/ToIntFunction
Event: 6.225 loading class java/util/function/ToIntFunction done
Event: 6.228 loading class sun/misc/SharedSecrets
Event: 6.228 loading class sun/misc/SharedSecrets done
Event: 6.228 loading class java/util/TreeMap$EntrySpliterator
Event: 6.228 loading class java/util/TreeMap$EntrySpliterator done
Event: 6.231 loading class java/util/stream/SortedOps$SizedRefSortingSink
Event: 6.231 loading class java/util/stream/SortedOps$SizedRefSortingSink done
Event: 6.258 Thread 0x000001a1058bd980 Thread added: 0x000001a1058bd980


Dynamic libraries:
0x00007ff6ed250000 - 0x00007ff6ed25e000 	C:\Users\beerim\.p2\pool\plugins\org.eclipse.justj.openjdk.hotspot.jre.full.win32.x86_64_17.0.6.v20230204-1729\jre\bin\javaw.exe
0x00007ffb10370000 - 0x00007ffb10568000 	C:\WINDOWS\SYSTEM32\ntdll.dll
0x00007ffb0ea70000 - 0x00007ffb0eb2d000 	C:\WINDOWS\System32\KERNEL32.DLL
0x00007ffb0e0b0000 - 0x00007ffb0e3a6000 	C:\WINDOWS\System32\KERNELBASE.dll
0x00007ffacc830000 - 0x00007ffacc90b000 	C:\Program Files\Bitdefender\Endpoint Security\bdhkm\dlls_267033597371464026\bdhkm64.dll
0x00007ffacc6c0000 - 0x00007ffacc82c000 	C:\Program Files\Bitdefender\Endpoint Security\atcuf\dlls_267033597345934154\atcuf64.dll
0x00007ffb0dbc0000 - 0x00007ffb0dcc0000 	C:\WINDOWS\System32\ucrtbase.dll
0x00007ffb01be0000 - 0x00007ffb01bf7000 	C:\Users\beerim\.p2\pool\plugins\org.eclipse.justj.openjdk.hotspot.jre.full.win32.x86_64_17.0.6.v20230204-1729\jre\bin\jli.dll
0x00007ffb0f8e0000 - 0x00007ffb0fa7e000 	C:\WINDOWS\System32\USER32.dll
0x00007ffb0df40000 - 0x00007ffb0df62000 	C:\WINDOWS\System32\win32u.dll
0x00007ffb0e660000 - 0x00007ffb0e68b000 	C:\WINDOWS\System32\GDI32.dll
0x00007ffb0ddb0000 - 0x00007ffb0dec7000 	C:\WINDOWS\System32\gdi32full.dll
0x00007ffb0dcc0000 - 0x00007ffb0dd5d000 	C:\WINDOWS\System32\msvcp_win.dll
0x00007ffafdf10000 - 0x00007ffafdf29000 	C:\Users\beerim\.p2\pool\plugins\org.eclipse.justj.openjdk.hotspot.jre.full.win32.x86_64_17.0.6.v20230204-1729\jre\bin\VCRUNTIME140.dll
0x00007ffaf2b60000 - 0x00007ffaf2dfa000 	C:\WINDOWS\WinSxS\amd64_microsoft.windows.common-controls_6595b64144ccf1df_6.0.19041.3636_none_60b6a03d71f818d5\COMCTL32.dll
0x00007ffb0fe70000 - 0x00007ffb0ff0e000 	C:\WINDOWS\System32\msvcrt.dll
0x00007ffb10240000 - 0x00007ffb10272000 	C:\WINDOWS\System32\IMM32.DLL
0x00007ffb09410000 - 0x00007ffb0941c000 	C:\Users\beerim\.p2\pool\plugins\org.eclipse.justj.openjdk.hotspot.jre.full.win32.x86_64_17.0.6.v20230204-1729\jre\bin\vcruntime140_1.dll
0x00007ffaea0e0000 - 0x00007ffaea171000 	C:\Users\beerim\.p2\pool\plugins\org.eclipse.justj.openjdk.hotspot.jre.full.win32.x86_64_17.0.6.v20230204-1729\jre\bin\msvcp140.dll
0x00007ffa87bf0000 - 0x00007ffa88837000 	C:\Users\beerim\.p2\pool\plugins\org.eclipse.justj.openjdk.hotspot.jre.full.win32.x86_64_17.0.6.v20230204-1729\jre\bin\server\jvm.dll
0x00007ffb0eb30000 - 0x00007ffb0ebe3000 	C:\WINDOWS\System32\ADVAPI32.dll
0x00007ffb0fc20000 - 0x00007ffb0fcbf000 	C:\WINDOWS\System32\sechost.dll
0x00007ffb0e480000 - 0x00007ffb0e5a6000 	C:\WINDOWS\System32\RPCRT4.dll
0x00007ffb0db90000 - 0x00007ffb0dbb7000 	C:\WINDOWS\System32\bcrypt.dll
0x00007ffaf1ed0000 - 0x00007ffaf1ed9000 	C:\WINDOWS\SYSTEM32\WSOCK32.dll
0x00007ffb0fbb0000 - 0x00007ffb0fc1b000 	C:\WINDOWS\System32\WS2_32.dll
0x00007ffb03100000 - 0x00007ffb03127000 	C:\WINDOWS\SYSTEM32\WINMM.dll
0x00007ffb053c0000 - 0x00007ffb053ca000 	C:\WINDOWS\SYSTEM32\VERSION.dll
0x00007ffb0b610000 - 0x00007ffb0b622000 	C:\WINDOWS\SYSTEM32\kernel.appcore.dll
0x00007ffb09360000 - 0x00007ffb0936a000 	C:\Users\beerim\.p2\pool\plugins\org.eclipse.justj.openjdk.hotspot.jre.full.win32.x86_64_17.0.6.v20230204-1729\jre\bin\jimage.dll
0x00007ffb033a0000 - 0x00007ffb03584000 	C:\WINDOWS\SYSTEM32\DBGHELP.DLL
0x00007ffb03280000 - 0x00007ffb032b4000 	C:\WINDOWS\SYSTEM32\dbgcore.DLL
0x00007ffb0df70000 - 0x00007ffb0dff2000 	C:\WINDOWS\System32\bcryptPrimitives.dll
0x00007ffafab00000 - 0x00007ffafab3b000 	C:\Users\beerim\.p2\pool\plugins\org.eclipse.justj.openjdk.hotspot.jre.full.win32.x86_64_17.0.6.v20230204-1729\jre\bin\jdwp.dll
0x00007ffb093b0000 - 0x00007ffb093be000 	C:\Users\beerim\.p2\pool\plugins\org.eclipse.justj.openjdk.hotspot.jre.full.win32.x86_64_17.0.6.v20230204-1729\jre\bin\instrument.dll
0x00007ffaedff0000 - 0x00007ffaee015000 	C:\Users\beerim\.p2\pool\plugins\org.eclipse.justj.openjdk.hotspot.jre.full.win32.x86_64_17.0.6.v20230204-1729\jre\bin\java.dll
0x00007ffae7a60000 - 0x00007ffae7a78000 	C:\Users\beerim\.p2\pool\plugins\org.eclipse.justj.openjdk.hotspot.jre.full.win32.x86_64_17.0.6.v20230204-1729\jre\bin\zip.dll
0x00007ffb0f060000 - 0x00007ffb0f7a5000 	C:\WINDOWS\System32\SHELL32.dll
0x00007ffb0b810000 - 0x00007ffb0bfac000 	C:\WINDOWS\SYSTEM32\windows.storage.dll
0x00007ffb0e710000 - 0x00007ffb0ea64000 	C:\WINDOWS\System32\combase.dll
0x00007ffb0d390000 - 0x00007ffb0d3be000 	C:\WINDOWS\SYSTEM32\Wldp.dll
0x00007ffb0e3b0000 - 0x00007ffb0e47d000 	C:\WINDOWS\System32\OLEAUT32.dll
0x00007ffb0e5b0000 - 0x00007ffb0e65d000 	C:\WINDOWS\System32\SHCORE.dll
0x00007ffb0f7b0000 - 0x00007ffb0f805000 	C:\WINDOWS\System32\shlwapi.dll
0x00007ffb0d960000 - 0x00007ffb0d985000 	C:\WINDOWS\SYSTEM32\profapi.dll
0x00007ffb01e50000 - 0x00007ffb01e5c000 	C:\Users\beerim\.p2\pool\plugins\org.eclipse.justj.openjdk.hotspot.jre.full.win32.x86_64_17.0.6.v20230204-1729\jre\bin\dt_socket.dll
0x00007ffb0cde0000 - 0x00007ffb0ce1b000 	C:\WINDOWS\SYSTEM32\IPHLPAPI.DLL
0x00007ffb0d0f0000 - 0x00007ffb0d15a000 	C:\WINDOWS\system32\mswsock.dll
0x00007ffb0ce20000 - 0x00007ffb0ceeb000 	C:\WINDOWS\SYSTEM32\DNSAPI.dll
0x00007ffb0ff10000 - 0x00007ffb0ff18000 	C:\WINDOWS\System32\NSI.dll
0x00007ffb04af0000 - 0x00007ffb04afa000 	C:\Windows\System32\rasadhlp.dll
0x00007ffb05040000 - 0x00007ffb050c0000 	C:\WINDOWS\System32\fwpuclnt.dll
0x00007ffae7a40000 - 0x00007ffae7a59000 	C:\Users\beerim\.p2\pool\plugins\org.eclipse.justj.openjdk.hotspot.jre.full.win32.x86_64_17.0.6.v20230204-1729\jre\bin\net.dll
0x00007ffb0c9a0000 - 0x00007ffb0caaa000 	C:\WINDOWS\SYSTEM32\WINHTTP.dll
0x00007ffae7180000 - 0x00007ffae7195000 	C:\Users\beerim\.p2\pool\plugins\org.eclipse.justj.openjdk.hotspot.jre.full.win32.x86_64_17.0.6.v20230204-1729\jre\bin\nio.dll
0x00007ffaf9ce0000 - 0x00007ffaf9cf0000 	C:\Users\beerim\.p2\pool\plugins\org.eclipse.justj.openjdk.hotspot.jre.full.win32.x86_64_17.0.6.v20230204-1729\jre\bin\verify.dll
0x00007ffb0d2e0000 - 0x00007ffb0d2f8000 	C:\WINDOWS\SYSTEM32\CRYPTSP.dll
0x00007ffb0c910000 - 0x00007ffb0c944000 	C:\WINDOWS\system32\rsaenh.dll
0x00007ffb0d920000 - 0x00007ffb0d94e000 	C:\WINDOWS\SYSTEM32\USERENV.dll
0x00007ffb0d300000 - 0x00007ffb0d30c000 	C:\WINDOWS\SYSTEM32\CRYPTBASE.dll
0x00007ffb06400000 - 0x00007ffb06417000 	C:\WINDOWS\SYSTEM32\dhcpcsvc6.DLL
0x00007ffb063e0000 - 0x00007ffb063fd000 	C:\WINDOWS\SYSTEM32\dhcpcsvc.DLL
0x00007ffaf9910000 - 0x00007ffaf991e000 	C:\Users\beerim\.p2\pool\plugins\org.eclipse.justj.openjdk.hotspot.jre.full.win32.x86_64_17.0.6.v20230204-1729\jre\bin\sunmscapi.dll
0x00007ffb0da30000 - 0x00007ffb0db8d000 	C:\WINDOWS\System32\CRYPT32.dll
0x00007ffb0d400000 - 0x00007ffb0d428000 	C:\WINDOWS\SYSTEM32\ncrypt.dll
0x00007ffb0d3c0000 - 0x00007ffb0d3fb000 	C:\WINDOWS\SYSTEM32\NTASN1.dll
0x00007ffb094b0000 - 0x00007ffb094b9000 	C:\Users\beerim\.p2\pool\plugins\org.eclipse.justj.openjdk.hotspot.jre.full.win32.x86_64_17.0.6.v20230204-1729\jre\bin\management.dll
0x00007ffb04bb0000 - 0x00007ffb04bbb000 	C:\Users\beerim\.p2\pool\plugins\org.eclipse.justj.openjdk.hotspot.jre.full.win32.x86_64_17.0.6.v20230204-1729\jre\bin\management_ext.dll
0x00007ffb0fba0000 - 0x00007ffb0fba8000 	C:\WINDOWS\System32\PSAPI.DLL
0x00007ffafa1e0000 - 0x00007ffafa1e7000 	C:\WINDOWS\system32\wshunix.dll

dbghelp: loaded successfully - version: 4.0.5 - missing functions: none
symbol engine: initialized successfully - sym options: 0x614 - pdb path: .;C:\Users\beerim\.p2\pool\plugins\org.eclipse.justj.openjdk.hotspot.jre.full.win32.x86_64_17.0.6.v20230204-1729\jre\bin;C:\WINDOWS\SYSTEM32;C:\Program Files\Bitdefender\Endpoint Security\bdhkm\dlls_267033597371464026;C:\Program Files\Bitdefender\Endpoint Security\atcuf\dlls_267033597345934154;C:\WINDOWS\WinSxS\amd64_microsoft.windows.common-controls_6595b64144ccf1df_6.0.19041.3636_none_60b6a03d71f818d5;C:\Users\beerim\.p2\pool\plugins\org.eclipse.justj.openjdk.hotspot.jre.full.win32.x86_64_17.0.6.v20230204-1729\jre\bin\server

VM Arguments:
jvm_args: -XX:+ShowCodeDetailsInExceptionMessages -agentlib:jdwp=transport=dt_socket,suspend=y,address=localhost:62776 -javaagent:C:\Users\beerim\eclipse\java-2022-12\eclipse\configuration\org.eclipse.osgi\227\0\.cp\lib\javaagent-shaded.jar -Dfile.encoding=UTF-8 
java_command: mainPackage.RunnerClass2
java_class_path (initial): E:\Automation\ReportDataExtraction\target\classes;C:\Users\beerim\.m2\repository\io\github\bonigarcia\webdrivermanager\5.6.4\webdrivermanager-5.6.4.jar;C:\Users\beerim\.m2\repository\org\slf4j\slf4j-api\2.0.12\slf4j-api-2.0.12.jar;C:\Users\beerim\.m2\repository\com\google\code\gson\gson\2.10.1\gson-2.10.1.jar;C:\Users\beerim\.m2\repository\com\github\docker-java\docker-java\3.3.4\docker-java-3.3.4.jar;C:\Users\beerim\.m2\repository\com\github\docker-java\docker-java-core\3.3.4\docker-java-core-3.3.4.jar;C:\Users\beerim\.m2\repository\com\github\docker-java\docker-java-api\3.3.4\docker-java-api-3.3.4.jar;C:\Users\beerim\.m2\repository\com\fasterxml\jackson\core\jackson-annotations\2.10.3\jackson-annotations-2.10.3.jar;C:\Users\beerim\.m2\repository\com\fasterxml\jackson\core\jackson-databind\2.10.3\jackson-databind-2.10.3.jar;C:\Users\beerim\.m2\repository\com\fasterxml\jackson\core\jackson-core\2.10.3\jackson-core-2.10.3.jar;C:\Users\beerim\.m2\repository\org\bouncycastle\bcpkix-jdk18on\1.76\bcpkix-jdk18on-1.76.jar;C:\Users\beerim\.m2\repository\org\bouncycastle\bcprov-jdk18on\1.76\bcprov-jdk18on-1.76.jar;C:\Users\beerim\.m2\repository\org\bouncycastle\bcutil-jdk18on\1.76\bcutil-jdk18on-1.76.jar;C:\Users\beerim\.m2\repository\org\slf4j\jcl-over-slf4j\1.7.30\jcl-over-slf4j-1.7.30.jar;C:\Users\beerim\.m2\repository\com\github\docker-java\docker-java-transport-httpclient5\3.3.4\docker-java-transport-httpclient5-3.3.4.jar;C:\Users\beerim\.m2\repository\com\github\docker-java\docker-java-transport\3.3.4\docker-java-transport-3.3.4.jar;C:\Users\beerim\.m2\repository\net\java\dev\jna\jna\5.13.0\jna-5.13.0.jar;C:\Users\beerim\.m2\repository\org\brotli\dec\0.1.2\dec-0.1.2.jar;C:\Users\beerim\.m2\repository\org\apache\commons\commons-lang3\3.14.0\commons-lang3-3.14.0.jar;C:\Users\beerim\.m2\repository\org\apache\commons\commons-compress\1.26.0\commons-compress-1.26.0.jar;C:\Users\beerim\.m2\repository\commons-io\commons-io\2.15.1\commons-io-2.15.1
Launcher Type: SUN_STANDARD

[Global flags]
     intx CICompilerCount                          = 3                                         {product} {ergonomic}
     uint ConcGCThreads                            = 1                                         {product} {ergonomic}
     uint G1ConcRefinementThreads                  = 4                                         {product} {ergonomic}
   size_t G1HeapRegionSize                         = 4194304                                   {product} {ergonomic}
    uintx GCDrainStackTargetSize                   = 64                                        {product} {ergonomic}
   size_t InitialHeapSize                          = 536870912                                 {product} {ergonomic}
   size_t MarkStackSize                            = 4194304                                   {product} {ergonomic}
   size_t MaxHeapSize                              = 8577351680                                {product} {ergonomic}
   size_t MaxNewSize                               = 5146411008                                {product} {ergonomic}
   size_t MinHeapDeltaBytes                        = 4194304                                   {product} {ergonomic}
   size_t MinHeapSize                              = 8388608                                   {product} {ergonomic}
    uintx NonNMethodCodeHeapSize                   = 5832780                                {pd product} {ergonomic}
    uintx NonProfiledCodeHeapSize                  = 122912730                              {pd product} {ergonomic}
    uintx ProfiledCodeHeapSize                     = 122912730                              {pd product} {ergonomic}
    uintx ReservedCodeCacheSize                    = 251658240                              {pd product} {ergonomic}
     bool SegmentedCodeCache                       = true                                      {product} {ergonomic}
     bool ShowCodeDetailsInExceptionMessages       = true                                   {manageable} {command line}
   size_t SoftMaxHeapSize                          = 8577351680                             {manageable} {ergonomic}
     bool UseCompressedClassPointers               = true                           {product lp64_product} {ergonomic}
     bool UseCompressedOops                        = true                           {product lp64_product} {ergonomic}
     bool UseG1GC                                  = true                                      {product} {ergonomic}
     bool UseLargePagesIndividualAllocation        = false                                  {pd product} {ergonomic}

Logging:
Log output configuration:
 #0: stdout all=warning uptime,level,tags
 #1: stderr all=off uptime,level,tags

Environment Variables:
JAVA_HOME=C:\Program Files\Java\jdk-17
PATH=C:\Users\beerim\.p2\pool\plugins\org.eclipse.justj.openjdk.hotspot.jre.full.win32.x86_64_17.0.6.v20230204-1729\jre\bin;C:/Users/beerim/.p2/pool/plugins/org.eclipse.justj.openjdk.hotspot.jre.full.win32.x86_64_17.0.6.v20230204-1729/jre/bin/server;C:/Users/beerim/.p2/pool/plugins/org.eclipse.justj.openjdk.hotspot.jre.full.win32.x86_64_17.0.6.v20230204-1729/jre/bin;C:\Program Files\Common Files\Oracle\Java\javapath;C:\WINDOWS\system32;C:\WINDOWS;C:\WINDOWS\System32\Wbem;C:\WINDOWS\System32\WindowsPowerShell\v1.0\;C:\WINDOWS\System32\OpenSSH\;C:\Program Files\dotnet\;C:\Program Files (x86)\Microsoft SQL Server\160\DTS\Binn\;C:\Program Files\Azure Data Studio\bin;C:\Program Files\Java\jdk-17;C:\Users\beerim\AppData\Local\Microsoft\WindowsApps;;C:\Program Files\Azure Data Studio\bin;C:\WINDOWS\system32;
USERNAME=beerim
OS=Windows_NT
PROCESSOR_IDENTIFIER=Intel64 Family 6 Model 106 Stepping 6, GenuineIntel
TMP=C:\Users\beerim\AppData\Local\Temp
TEMP=C:\Users\beerim\AppData\Local\Temp



---------------  S Y S T E M  ---------------

OS:
 Windows 10 , 64 bit Build 19041 (10.0.19041.3636)
OS uptime: 7 days 7:23 hours
Hyper-V virtualization detected

CPU: total 4 (initial active 4) (2 cores per cpu, 2 threads per core) family 6 model 106 stepping 6 microcode 0xffffffff, cx8, cmov, fxsr, ht, mmx, 3dnowpref, sse, sse2, sse3, ssse3, sse4.1, sse4.2, popcnt, lzcnt, tsc, tscinvbit, avx, avx2, aes, erms, clmul, bmi1, bmi2, rtm, adx, avx512f, avx512dq, avx512cd, avx512bw, avx512vl, sha, fma, vzeroupper, avx512_vpopcntdq, avx512_vpclmulqdq, avx512_vaes, avx512_vnni, clflush, clflushopt, clwb, avx512_vbmi2, avx512_vbmi, hv

Memory: 4k page, system-wide physical 32716M (6326M free)
TotalPageFile size 51916M (AvailPageFile size 4M)
current process WorkingSet (physical memory assigned to process): 199M, peak: 234M
current process commit charge ("private bytes"): 445M, peak: 651M

vm_info: OpenJDK 64-Bit Server VM (17.0.6+10) for windows-amd64 JRE (17.0.6+10), built on Jan 18 2023 10:08:59 by "temurin" with MS VC++ 16.7 (VS2019)

END.
